0 info it worked if it ends with ok
1 verbose cli [ 'C:\\Program Files\\nodejs\\node.exe',
1 verbose cli   'C:\\Users\\Dell Workstation\\AppData\\Roaming\\npm\\node_modules\\npm\\bin\\npm-cli.js',
1 verbose cli   'start' ]
2 info using npm@3.5.2
3 info using node@v4.1.2
4 verbose run-script [ 'prestart', 'start', 'poststart' ]
5 info lifecycle site-template-1@1.0.0~prestart: site-template-1@1.0.0
6 silly lifecycle site-template-1@1.0.0~prestart: no script for prestart, continuing
7 info lifecycle site-template-1@1.0.0~start: site-template-1@1.0.0
8 verbose lifecycle site-template-1@1.0.0~start: unsafe-perm in lifecycle true
9 verbose lifecycle site-template-1@1.0.0~start: PATH: C:\Users\Dell Workstation\AppData\Roaming\npm\node_modules\npm\bin\node-gyp-bin;C:\Users\Dell Workstation\Desktop\monkey-minds\meta\web\side-projects\accordion.js\web\node_modules\.bin;C:\Program Files\Common Files\Microsoft Shared\Windows Live;C:\Program Files (x86)\Common Files\Microsoft Shared\Windows Live;C:\ProgramData\Oracle\Java\javapath;C:\Program Files (x86)\Intel\iCLS Client\;C:\Program Files\Intel\iCLS Client\;C:\Windows\system32;C:\Windows;C:\Windows\System32\Wbem;C:\Windows\System32\WindowsPowerShell\v1.0\;C:\Program Files\Intel\WiFi\bin\;C:\Program Files\Common Files\Intel\WirelessCommon\;c:\Program Files (x86)\ATI Technologies\ATI.ACE\Core-Static;C:\Program Files\Intel\Intel(R) Management Engine Components\DAL;C:\Program Files\Intel\Intel(R) Management Engine Components\IPT;C:\Program Files (x86)\Intel\Intel(R) Management Engine Components\DAL;C:\Program Files (x86)\Intel\Intel(R) Management Engine Components\IPT;C:\Program Files\Dell\Dell Data Protection\Drivers\TSS\bin\;C:\Program Files\Dell\Dell Data Protection\Encryption\;C:\Program Files\nodejs\;C:\Program Files (x86)\Windows Live\Shared;C:\Program Files\Process Lasso;C:\Program Files (x86)\Skype\Phone\;C:\Program Files\Git\cmd;C:\Ruby22-x64\bin;C:\Users\Dell Workstation\AppData\Local\Programs\Python\Python35-32\Scripts\;C:\Users\Dell Workstation\AppData\Local\Programs\Python\Python35-32\;C:\Users\Dell Workstation\AppData\Roaming\npm
10 verbose lifecycle site-template-1@1.0.0~start: CWD: C:\Users\Dell Workstation\Desktop\monkey-minds\meta\web\side-projects\accordion.js\web
11 silly lifecycle site-template-1@1.0.0~start: Args: [ '/d /s /c', 'gulp' ]
12 silly lifecycle site-template-1@1.0.0~start: Returned: code: 1  signal: null
13 info lifecycle site-template-1@1.0.0~start: Failed to exec start script
14 verbose stack Error: site-template-1@1.0.0 start: `gulp`
14 verbose stack Exit status 1
14 verbose stack     at EventEmitter.<anonymous> (C:\Users\Dell Workstation\AppData\Roaming\npm\node_modules\npm\lib\utils\lifecycle.js:232:16)
14 verbose stack     at emitTwo (events.js:87:13)
14 verbose stack     at EventEmitter.emit (events.js:172:7)
14 verbose stack     at ChildProcess.<anonymous> (C:\Users\Dell Workstation\AppData\Roaming\npm\node_modules\npm\lib\utils\spawn.js:24:14)
14 verbose stack     at emitTwo (events.js:87:13)
14 verbose stack     at ChildProcess.emit (events.js:172:7)
14 verbose stack     at maybeClose (internal/child_process.js:818:16)
14 verbose stack     at Process.ChildProcess._handle.onexit (internal/child_process.js:211:5)
15 verbose pkgid site-template-1@1.0.0
16 verbose cwd C:\Users\Dell Workstation\Desktop\monkey-minds\meta\web\side-projects\accordion.js\web
17 error Windows_NT 6.1.7601
18 error argv "C:\\Program Files\\nodejs\\node.exe" "C:\\Users\\Dell Workstation\\AppData\\Roaming\\npm\\node_modules\\npm\\bin\\npm-cli.js" "start"
19 error node v4.1.2
20 error npm  v3.5.2
21 error code ELIFECYCLE
22 error site-template-1@1.0.0 start: `gulp`
22 error Exit status 1
23 error Failed at the site-template-1@1.0.0 start script 'gulp'.
23 error Make sure you have the latest version of node.js and npm installed.
23 error If you do, this is most likely a problem with the site-template-1 package,
23 error not with npm itself.
23 error Tell the author that this fails on your system:
23 error     gulp
23 error You can get information on how to open an issue for this project with:
23 error     npm bugs site-template-1
23 error Or if that isn't available, you can get their info via:
23 error     npm owner ls site-template-1
23 error There is likely additional logging output above.
24 verbose exit [ 1, true ]
